<?xml version="1.0" encoding="UTF-8"?>
<testng-results total="5" passed="4" failed="1" skipped="0">
  <reporter-output>
  </reporter-output>
  <suite started-at="2020-06-07T08:31:53Z" name="Smoke API testing with Jackson2 and RestAssured" finished-at="2020-06-07T08:32:18Z" duration-ms="25195">
    <groups>
      <group name="GET requests">
        <method signature="GetUserDataDTO.countUsersInResponseList()[pri:0, instance:org.softserve.edu.GetUserDataDTO@5aac4250]" name="countUsersInResponseList" class="org.softserve.edu.GetUserDataDTO"/>
        <method signature="GetUserDataDTO.getUserDataById()[pri:0, instance:org.softserve.edu.GetUserDataDTO@5aac4250]" name="getUserDataById" class="org.softserve.edu.GetUserDataDTO"/>
      </group> <!-- GET requests -->
      <group name="POST requests">
        <method signature="CreateUserDataDTO.successfulCreateNewUser()[pri:0, instance:org.softserve.edu.CreateUserDataDTO@4dc8caa7]" name="successfulCreateNewUser" class="org.softserve.edu.CreateUserDataDTO"/>
      </group> <!-- POST requests -->
      <group name="PUT requests">
        <method signature="UpdateUserDataDTO.successfulUserUpdate()[pri:0, instance:org.softserve.edu.UpdateUserDataDTO@44b3606b]" name="successfulUserUpdate" class="org.softserve.edu.UpdateUserDataDTO"/>
        <method signature="UpdateUserDataDTO.updateUserWithInvalidID()[pri:0, instance:org.softserve.edu.UpdateUserDataDTO@44b3606b]" name="updateUserWithInvalidID" class="org.softserve.edu.UpdateUserDataDTO"/>
      </group> <!-- PUT requests -->
    </groups>
    <test started-at="2020-06-07T08:31:53Z" name="UpdateUserDataDTO" finished-at="2020-06-07T08:32:18Z" duration-ms="24772">
      <class name="org.softserve.edu.UpdateUserDataDTO">
        <test-method signature="successfulUserUpdate()[pri:0, instance:org.softserve.edu.UpdateUserDataDTO@44b3606b]" started-at="2020-06-07T11:31:53Z" name="successfulUserUpdate" finished-at="2020-06-07T11:32:09Z" duration-ms="15845" status="PASS">
          <reporter-output>
          </reporter-output>
        </test-method> <!-- successfulUserUpdate -->
        <test-method signature="updateUserWithInvalidID()[pri:0, instance:org.softserve.edu.UpdateUserDataDTO@44b3606b]" started-at="2020-06-07T11:32:09Z" name="updateUserWithInvalidID" finished-at="2020-06-07T11:32:18Z" duration-ms="8911" status="FAIL">
          <exception class="java.lang.AssertionError">
            <message>
              <![CDATA[1 expectation failed.
Expected status code <404> but was <500>.
]]>
            </message>
            <full-stacktrace>
              <![CDATA[java.lang.AssertionError: 1 expectation failed.
Expected status code <404> but was <500>.

	at java.base/jdk.internal.reflect.NativeConstructorAccessorImpl.newInstance0(Native Method)
	at java.base/jdk.internal.reflect.NativeConstructorAccessorImpl.newInstance(NativeConstructorAccessorImpl.java:62)
	at java.base/jdk.internal.reflect.DelegatingConstructorAccessorImpl.newInstance(DelegatingConstructorAccessorImpl.java:45)
	at java.base/java.lang.reflect.Constructor.newInstance(Constructor.java:490)
	at org.codehaus.groovy.reflection.CachedConstructor.invoke(CachedConstructor.java:72)
	at org.codehaus.groovy.reflection.CachedConstructor.doConstructorInvoke(CachedConstructor.java:59)
	at org.codehaus.groovy.runtime.callsite.ConstructorSite$ConstructorSiteNoUnwrap.callConstructor(ConstructorSite.java:84)
	at org.codehaus.groovy.runtime.callsite.CallSiteArray.defaultCallConstructor(CallSiteArray.java:59)
	at org.codehaus.groovy.runtime.callsite.AbstractCallSite.callConstructor(AbstractCallSite.java:263)
	at org.codehaus.groovy.runtime.callsite.AbstractCallSite.callConstructor(AbstractCallSite.java:277)
	at io.restassured.internal.ResponseSpecificationImpl$HamcrestAssertionClosure.validate(ResponseSpecificationImpl.groovy:493)
	at io.restassured.internal.ResponseSpecificationImpl$HamcrestAssertionClosure$validate$1.call(Unknown Source)
	at io.restassured.internal.ResponseSpecificationImpl.validateResponseIfRequired(ResponseSpecificationImpl.groovy:674)
	at java.base/jdk.internal.reflect.NativeMethodAccessorImpl.invoke0(Native Method)
	at java.base/jdk.internal.reflect.NativeMethodAccessorImpl.invoke(NativeMethodAccessorImpl.java:62)
	at java.base/jdk.internal.reflect.DelegatingMethodAccessorImpl.invoke(DelegatingMethodAccessorImpl.java:43)
	at java.base/java.lang.reflect.Method.invoke(Method.java:566)
	at org.codehaus.groovy.runtime.callsite.PlainObjectMetaMethodSite.doInvoke(PlainObjectMetaMethodSite.java:43)
	at org.codehaus.groovy.runtime.callsite.PogoMetaMethodSite$PogoCachedMethodSiteNoUnwrapNoCoerce.invoke(PogoMetaMethodSite.java:193)
	at org.codehaus.groovy.runtime.callsite.PogoMetaMethodSite.callCurrent(PogoMetaMethodSite.java:61)
	at org.codehaus.groovy.runtime.callsite.AbstractCallSite.callCurrent(AbstractCallSite.java:185)
	at io.restassured.internal.ResponseSpecificationImpl.statusCode(ResponseSpecificationImpl.groovy:126)
	at io.restassured.specification.ResponseSpecification$statusCode$0.callCurrent(Unknown Source)
	at io.restassured.internal.ResponseSpecificationImpl.statusCode(ResponseSpecificationImpl.groovy:134)
	at io.restassured.internal.ValidatableResponseOptionsImpl.statusCode(ValidatableResponseOptionsImpl.java:89)
	at io.restassured.internal.ValidatableResponseImpl.super$2$statusCode(ValidatableResponseImpl.groovy)
	at java.base/jdk.internal.reflect.NativeMethodAccessorImpl.invoke0(Native Method)
	at java.base/jdk.internal.reflect.NativeMethodAccessorImpl.invoke(NativeMethodAccessorImpl.java:62)
	at java.base/jdk.internal.reflect.DelegatingMethodAccessorImpl.invoke(DelegatingMethodAccessorImpl.java:43)
	at java.base/java.lang.reflect.Method.invoke(Method.java:566)
	at org.codehaus.groovy.reflection.CachedMethod.invoke(CachedMethod.java:107)
	at groovy.lang.MetaMethod.doMethodInvoke(MetaMethod.java:323)
	at groovy.lang.MetaClassImpl.invokeMethod(MetaClassImpl.java:1262)
	at org.codehaus.groovy.runtime.ScriptBytecodeAdapter.invokeMethodOnSuperN(ScriptBytecodeAdapter.java:144)
	at io.restassured.internal.ValidatableResponseImpl.statusCode(ValidatableResponseImpl.groovy:142)
	at io.restassured.internal.ValidatableResponseImpl.statusCode(ValidatableResponseImpl.groovy)
	at org.softserve.edu.UpdateUserDataDTO.updateUserWithInvalidID(UpdateUserDataDTO.java:139)
	at java.base/jdk.internal.reflect.NativeMethodAccessorImpl.invoke0(Native Method)
	at java.base/jdk.internal.reflect.NativeMethodAccessorImpl.invoke(NativeMethodAccessorImpl.java:62)
	at java.base/jdk.internal.reflect.DelegatingMethodAccessorImpl.invoke(DelegatingMethodAccessorImpl.java:43)
	at java.base/java.lang.reflect.Method.invoke(Method.java:566)
	at org.testng.internal.MethodInvocationHelper.invokeMethod(MethodInvocationHelper.java:84)
	at org.testng.internal.Invoker.invokeMethod(Invoker.java:714)
	at org.testng.internal.Invoker.invokeTestMethod(Invoker.java:901)
	at org.testng.internal.Invoker.invokeTestMethods(Invoker.java:1231)
	at org.testng.internal.TestMethodWorker.invokeTestMethods(TestMethodWorker.java:127)
	at org.testng.internal.TestMethodWorker.run(TestMethodWorker.java:111)
	at org.testng.TestRunner.privateRun(TestRunner.java:767)
	at org.testng.TestRunner.run(TestRunner.java:617)
	at org.testng.SuiteRunner.runTest(SuiteRunner.java:348)
	at org.testng.SuiteRunner.runSequentially(SuiteRunner.java:343)
	at org.testng.SuiteRunner.privateRun(SuiteRunner.java:305)
	at org.testng.SuiteRunner.run(SuiteRunner.java:254)
	at org.testng.SuiteRunnerWorker.runSuite(SuiteRunnerWorker.java:52)
	at org.testng.SuiteRunnerWorker.run(SuiteRunnerWorker.java:86)
	at org.testng.TestNG.runSuitesSequentially(TestNG.java:1224)
	at org.testng.TestNG.runSuitesLocally(TestNG.java:1149)
	at org.testng.TestNG.run(TestNG.java:1057)
	at org.apache.maven.surefire.testng.TestNGExecutor.run(TestNGExecutor.java:283)
	at org.apache.maven.surefire.testng.TestNGXmlTestSuite.execute(TestNGXmlTestSuite.java:75)
	at org.apache.maven.surefire.testng.TestNGProvider.invoke(TestNGProvider.java:120)
	at org.apache.maven.surefire.booter.ForkedBooter.runSuitesInProcess(ForkedBooter.java:377)
	at org.apache.maven.surefire.booter.ForkedBooter.execute(ForkedBooter.java:138)
	at org.apache.maven.surefire.booter.ForkedBooter.run(ForkedBooter.java:465)
	at org.apache.maven.surefire.booter.ForkedBooter.main(ForkedBooter.java:451)
]]>
            </full-stacktrace>
          </exception> <!-- java.lang.AssertionError -->
          <reporter-output>
          </reporter-output>
        </test-method> <!-- updateUserWithInvalidID -->
      </class> <!-- org.softserve.edu.UpdateUserDataDTO -->
    </test> <!-- UpdateUserDataDTO -->
    <test started-at="2020-06-07T08:32:18Z" name="CreateUserDataDTO" finished-at="2020-06-07T08:32:18Z" duration-ms="33">
      <class name="org.softserve.edu.CreateUserDataDTO">
        <test-method signature="successfulCreateNewUser()[pri:0, instance:org.softserve.edu.CreateUserDataDTO@4dc8caa7]" started-at="2020-06-07T11:32:18Z" name="successfulCreateNewUser" finished-at="2020-06-07T11:32:18Z" duration-ms="33" status="PASS">
          <reporter-output>
          </reporter-output>
        </test-method> <!-- successfulCreateNewUser -->
      </class> <!-- org.softserve.edu.CreateUserDataDTO -->
    </test> <!-- CreateUserDataDTO -->
    <test started-at="2020-06-07T08:32:18Z" name="GetUserDataDTO" finished-at="2020-06-07T08:32:18Z" duration-ms="356">
      <class name="org.softserve.edu.GetUserDataDTO">
        <test-method signature="countUsersInResponseList()[pri:0, instance:org.softserve.edu.GetUserDataDTO@5aac4250]" started-at="2020-06-07T11:32:18Z" name="countUsersInResponseList" finished-at="2020-06-07T11:32:18Z" duration-ms="185" status="PASS">
          <reporter-output>
          </reporter-output>
        </test-method> <!-- countUsersInResponseList -->
        <test-method signature="getUserDataById()[pri:0, instance:org.softserve.edu.GetUserDataDTO@5aac4250]" started-at="2020-06-07T11:32:18Z" name="getUserDataById" finished-at="2020-06-07T11:32:18Z" duration-ms="170" status="PASS">
          <reporter-output>
          </reporter-output>
        </test-method> <!-- getUserDataById -->
      </class> <!-- org.softserve.edu.GetUserDataDTO -->
    </test> <!-- GetUserDataDTO -->
  </suite> <!-- Smoke API testing with Jackson2 and RestAssured -->
</testng-results>
