<?xml version="1.0" encoding="UTF-8"?>
<testsuite xmlns:xsi="http://www.w3.org/2001/XMLSchema-instance" xsi:noNamespaceSchemaLocation="https://maven.apache.org/surefire/maven-surefire-plugin/xsd/surefire-test-report-3.0.xsd" version="3.0" name="TestSuite" time="25.817" tests="5" errors="0" skipped="0" failures="1">
  <properties>
[...]
</properties>
  <testcase name="successfulUserUpdate" classname="org.softserve.edu.UpdateUserDataDTO" time="15.845"/>
  <testcase name="updateUserWithInvalidID" classname="org.softserve.edu.UpdateUserDataDTO" time="8.921">
    <failure message="1 expectation failed.&#10;Expected status code &lt;404&gt; but was &lt;500&gt;.&#10;" type="java.lang.AssertionError"><![CDATA[java.lang.AssertionError: 
1 expectation failed.
Expected status code <404> but was <500>.

	at org.softserve.edu.UpdateUserDataDTO.updateUserWithInvalidID(UpdateUserDataDTO.java:139)
]]></failure>
  </testcase>
  <testcase name="successfulCreateNewUser" classname="org.softserve.edu.CreateUserDataDTO" time="0.079"/>
  <testcase name="countUsersInResponseList" classname="org.softserve.edu.GetUserDataDTO" time="0.142"/>
  <testcase name="getUserDataById" classname="org.softserve.edu.GetUserDataDTO" time="0.17"/>
</testsuite>